#
# A fatal error has been detected by the Java Runtime Environment:
#
#  SIGSEGV (0xb) at pc=0x00007f8cd8a821a0, pid=14571, tid=14587
#
# JRE version: Java(TM) SE Runtime Environment (13.0.2+8) (build 13.0.2+8)
# Java VM: Java HotSpot(TM) 64-Bit Server VM (13.0.2+8, mixed mode, sharing, tiered, compressed oops, g1 gc, linux-amd64)
# Problematic frame:
# j  org.codehaus.plexus.util.xml.pull.MXParser.parseComment()V+81
#
# No core dump will be written. Core dumps have been disabled. To enable core dumping, try "ulimit -c unlimited" before starting Java again
#
# If you would like to submit a bug report, please visit:
#   http://bugreport.java.com/bugreport/crash.jsp
#

---------------  S U M M A R Y ------------

Command Line: -Dclassworlds.conf=/usr/share/maven/bin/m2.conf -Dmaven.home=/usr/share/maven -Dmaven.multiModuleProjectDirectory=/home/test/Downloads/Workshop/poc-microservices-bakcup/poc-microservices/gateway-service org.codehaus.plexus.classworlds.launcher.Launcher clean install -DskipTests

Host: Intel(R) Core(TM) i5-7200U CPU @ 2.50GHz, 4 cores, 7G, Ubuntu 16.04.6 LTS
Time: Thu Feb  6 03:06:06 2020 IST elapsed time: 3 seconds (0d 0h 0m 3s)

---------------  T H R E A D  ---------------

Current thread (0x00007f8cf0018800):  JavaThread "main" [_thread_in_Java, id=14587, stack(0x00007f8cf8733000,0x00007f8cf8834000)]

Stack: [0x00007f8cf8733000,0x00007f8cf8834000],  sp=0x00007f8cf8830948,  free space=1014k
Native frames: (J=compiled Java code, A=aot compiled Java code, j=interpreted, Vv=VM code, C=native code)
j  org.codehaus.plexus.util.xml.pull.MXParser.parseComment()V+81
J 2697 c2 org.codehaus.plexus.util.xml.pull.MXParser.nextImpl()I (1202 bytes) @ 0x00007f8ce066b8d8 [0x00007f8ce066b300+0x00000000000005d8]
J 2226 c1 org.codehaus.plexus.util.xml.pull.MXParser.nextTag()I (82 bytes) @ 0x00007f8cd94b5324 [0x00007f8cd94b5240+0x00000000000000e4]
j  org.apache.maven.model.io.xpp3.MavenXpp3Reader.parseDependencyManagement(Lorg/codehaus/plexus/util/xml/pull/XmlPullParser;Z)Lorg/apache/maven/model/DependencyManagement;+141
j  org.apache.maven.model.io.xpp3.MavenXpp3Reader.parseModel(Lorg/codehaus/plexus/util/xml/pull/XmlPullParser;Z)Lorg/apache/maven/model/Model;+1138
j  org.apache.maven.model.io.xpp3.MavenXpp3Reader.read(Lorg/codehaus/plexus/util/xml/pull/XmlPullParser;Z)Lorg/apache/maven/model/Model;+79
j  org.apache.maven.model.io.xpp3.MavenXpp3Reader.read(Ljava/io/Reader;Z)Lorg/apache/maven/model/Model;+23
j  org.apache.maven.model.io.DefaultModelReader.read(Ljava/io/Reader;ZLorg/apache/maven/model/InputSource;)Lorg/apache/maven/model/Model;+27
j  org.apache.maven.model.io.DefaultModelReader.read(Ljava/io/InputStream;Ljava/util/Map;)Lorg/apache/maven/model/Model;+26
j  org.apache.maven.model.building.DefaultModelProcessor.read(Ljava/io/InputStream;Ljava/util/Map;)Lorg/apache/maven/model/Model;+6
j  org.apache.maven.model.building.DefaultModelBuilder.readModel(Lorg/apache/maven/model/building/ModelSource;Ljava/io/File;Lorg/apache/maven/model/building/ModelBuildingRequest;Lorg/apache/maven/model/building/DefaultModelProblemCollector;)Lorg/apache/maven/model/Model;+140
j  org.apache.maven.model.building.DefaultModelBuilder.build(Lorg/apache/maven/model/building/ModelBuildingRequest;)Lorg/apache/maven/model/building/ModelBuildingResult;+166
j  org.apache.maven.model.building.DefaultModelBuilder.importDependencyManagement(Lorg/apache/maven/model/Model;Lorg/apache/maven/model/building/ModelBuildingRequest;Lorg/apache/maven/model/building/DefaultModelProblemCollector;Ljava/util/Collection;)V+957
j  org.apache.maven.model.building.DefaultModelBuilder.build(Lorg/apache/maven/model/building/ModelBuildingRequest;Lorg/apache/maven/model/building/ModelBuildingResult;Ljava/util/Collection;)Lorg/apache/maven/model/building/ModelBuildingResult;+122
j  org.apache.maven.model.building.DefaultModelBuilder.build(Lorg/apache/maven/model/building/ModelBuildingRequest;Lorg/apache/maven/model/building/ModelBuildingResult;)Lorg/apache/maven/model/building/ModelBuildingResult;+10
j  org.apache.maven.model.building.DefaultModelBuilder.build(Lorg/apache/maven/model/building/ModelBuildingRequest;)Lorg/apache/maven/model/building/ModelBuildingResult;+979
j  org.apache.maven.repository.internal.DefaultArtifactDescriptorReader.loadPom(Lorg/eclipse/aether/RepositorySystemSession;Lorg/eclipse/aether/resolution/ArtifactDescriptorRequest;Lorg/eclipse/aether/resolution/ArtifactDescriptorResult;)Lorg/apache/maven/model/Model;+626
j  org.apache.maven.repository.internal.DefaultArtifactDescriptorReader.readArtifactDescriptor(Lorg/eclipse/aether/RepositorySystemSession;Lorg/eclipse/aether/resolution/ArtifactDescriptorRequest;)Lorg/eclipse/aether/resolution/ArtifactDescriptorResult;+13
j  org.eclipse.aether.internal.impl.DefaultRepositorySystem.readArtifactDescriptor(Lorg/eclipse/aether/RepositorySystemSession;Lorg/eclipse/aether/resolution/ArtifactDescriptorRequest;)Lorg/eclipse/aether/resolution/ArtifactDescriptorResult;+11
j  org.apache.maven.plugin.internal.DefaultPluginDependenciesResolver.resolve(Lorg/apache/maven/model/Plugin;Ljava/util/List;Lorg/eclipse/aether/RepositorySystemSession;)Lorg/eclipse/aether/artifact/Artifact;+70
j  org.apache.maven.plugin.internal.DefaultMavenPluginManager.getPluginDescriptor(Lorg/apache/maven/model/Plugin;Ljava/util/List;Lorg/eclipse/aether/RepositorySystemSession;)Lorg/apache/maven/plugin/descriptor/PluginDescriptor;+39
j  org.apache.maven.plugin.internal.DefaultMavenPluginManager.getMojoDescriptor(Lorg/apache/maven/model/Plugin;Ljava/lang/String;Ljava/util/List;Lorg/eclipse/aether/RepositorySystemSession;)Lorg/apache/maven/plugin/descriptor/MojoDescriptor;+5
j  org.apache.maven.plugin.DefaultBuildPluginManager.getMojoDescriptor(Lorg/apache/maven/model/Plugin;Ljava/lang/String;Ljava/util/List;Lorg/eclipse/aether/RepositorySystemSession;)Lorg/apache/maven/plugin/descriptor/MojoDescriptor;+9
j  org.apache.maven.lifecycle.internal.DefaultLifecycleMappingDelegate.calculateLifecycleMappings(Lorg/apache/maven/execution/MavenSession;Lorg/apache/maven/project/MavenProject;Lorg/apache/maven/lifecycle/Lifecycle;Ljava/lang/String;)Ljava/util/Map;+310
j  org.apache.maven.lifecycle.internal.DefaultLifecycleExecutionPlanCalculator.calculateLifecycleMappings(Lorg/apache/maven/execution/MavenSession;Lorg/apache/maven/project/MavenProject;Ljava/lang/String;)Ljava/util/Map;+133
j  org.apache.maven.lifecycle.internal.DefaultLifecycleExecutionPlanCalculator.calculateMojoExecutions(Lorg/apache/maven/execution/MavenSession;Lorg/apache/maven/project/MavenProject;Ljava/util/List;)Ljava/util/List;+148
j  org.apache.maven.lifecycle.internal.DefaultLifecycleExecutionPlanCalculator.calculateExecutionPlan(Lorg/apache/maven/execution/MavenSession;Lorg/apache/maven/project/MavenProject;Ljava/util/List;Z)Lorg/apache/maven/lifecycle/MavenExecutionPlan;+13
j  org.apache.maven.lifecycle.internal.DefaultLifecycleExecutionPlanCalculator.calculateExecutionPlan(Lorg/apache/maven/execution/MavenSession;Lorg/apache/maven/project/MavenProject;Ljava/util/List;)Lorg/apache/maven/lifecycle/MavenExecutionPlan;+5
j  org.apache.maven.lifecycle.internal.builder.BuilderCommon.resolveBuildPlan(Lorg/apache/maven/execution/MavenSession;Lorg/apache/maven/project/MavenProject;Lorg/apache/maven/lifecycle/internal/TaskSegment;Ljava/util/Set;)Lorg/apache/maven/lifecycle/MavenExecutionPlan;+10
j  org.apache.maven.lifecycle.internal.LifecycleModuleBuilder.buildProject(Lorg/apache/maven/execution/MavenSession;Lorg/apache/maven/execution/MavenSession;Lorg/apache/maven/lifecycle/internal/ReactorContext;Lorg/apache/maven/project/MavenProject;Lorg/apache/maven/lifecycle/internal/TaskSegment;)V+136
j  org.apache.maven.lifecycle.internal.LifecycleModuleBuilder.buildProject(Lorg/apache/maven/execution/MavenSession;Lorg/apache/maven/lifecycle/internal/ReactorContext;Lorg/apache/maven/project/MavenProject;Lorg/apache/maven/lifecycle/internal/TaskSegment;)V+7
j  org.apache.maven.lifecycle.internal.builder.singlethreaded.SingleThreadedBuilder.build(Lorg/apache/maven/execution/MavenSession;Lorg/apache/maven/lifecycle/internal/ReactorContext;Lorg/apache/maven/lifecycle/internal/ProjectBuildList;Ljava/util/List;Lorg/apache/maven/lifecycle/internal/ReactorBuildStatus;)V+77
j  org.apache.maven.lifecycle.internal.LifecycleStarter.execute(Lorg/apache/maven/execution/MavenSession;)V+353
j  org.apache.maven.DefaultMaven.doExecute(Lorg/apache/maven/execution/MavenExecutionRequest;Lorg/apache/maven/execution/MavenSession;Lorg/apache/maven/execution/MavenExecutionResult;Lorg/eclipse/aether/DefaultRepositorySystemSession;)Lorg/apache/maven/execution/MavenExecutionResult;+414
j  org.apache.maven.DefaultMaven.doExecute(Lorg/apache/maven/execution/MavenExecutionRequest;)Lorg/apache/maven/execution/MavenExecutionResult;+99
j  org.apache.maven.DefaultMaven.execute(Lorg/apache/maven/execution/MavenExecutionRequest;)Lorg/apache/maven/execution/MavenExecutionResult;+2
j  org.apache.maven.cli.MavenCli.execute(Lorg/apache/maven/cli/CliRequest;)I+27
j  org.apache.maven.cli.MavenCli.doMain(Lorg/apache/maven/cli/CliRequest;)I+66
j  org.apache.maven.cli.MavenCli.main([Ljava/lang/String;Lorg/codehaus/plexus/classworlds/ClassWorld;)I+18
v  ~StubRoutines::call_stub
V  [libjvm.so+0x821d79]  JavaCalls::call_helper(JavaValue*, methodHandle const&, JavaCallArguments*, Thread*)+0x319
V  [libjvm.so+0xc41abb]  invoke(InstanceKlass*, methodHandle const&, Handle, bool, objArrayHandle, BasicType, objArrayHandle, bool, Thread*) [clone .constprop.104]+0x81b
V  [libjvm.so+0xc42564]  Reflection::invoke_method(oopDesc*, Handle, objArrayHandle, Thread*)+0xf4
V  [libjvm.so+0x8c8e33]  JVM_InvokeMethod+0xf3
j  jdk.internal.reflect.NativeMethodAccessorImpl.invoke0(Ljava/lang/reflect/Method;Ljava/lang/Object;[Ljava/lang/Object;)Ljava/lang/Object;+0 java.base@13.0.2
j  jdk.internal.reflect.NativeMethodAccessorImpl.invoke(Ljava/lang/Object;[Ljava/lang/Object;)Ljava/lang/Object;+100 java.base@13.0.2
j  jdk.internal.reflect.DelegatingMethodAccessorImpl.invoke(Ljava/lang/Object;[Ljava/lang/Object;)Ljava/lang/Object;+6 java.base@13.0.2
j  java.lang.reflect.Method.invoke(Ljava/lang/Object;[Ljava/lang/Object;)Ljava/lang/Object;+59 java.base@13.0.2
j  org.codehaus.plexus.classworlds.launcher.Launcher.launchEnhanced([Ljava/lang/String;)V+45
j  org.codehaus.plexus.classworlds.launcher.Launcher.launch([Ljava/lang/String;)V+2
j  org.codehaus.plexus.classworlds.launcher.Launcher.mainWithExitCode([Ljava/lang/String;)I+101
j  org.codehaus.plexus.classworlds.launcher.Launcher.main([Ljava/lang/String;)V+1
v  ~StubRoutines::call_stub
V  [libjvm.so+0x821d79]  JavaCalls::call_helper(JavaValue*, methodHandle const&, JavaCallArguments*, Thread*)+0x319
V  [libjvm.so+0x89899e]  jni_invoke_static(JNIEnv_*, JavaValue*, _jobject*, JNICallType, _jmethodID*, JNI_ArgumentPusher*, Thread*) [clone .isra.83] [clone .constprop.254]+0x2ee
V  [libjvm.so+0x89ab41]  jni_CallStaticVoidMethod+0x151
C  [libjli.so+0x45f7]  JavaMain+0xcd7
C  [libjli.so+0x8669]  ThreadJavaMain+0x9


siginfo: si_signo: 11 (SIGSEGV), si_code: 2 (SEGV_ACCERR), si_addr: 0x00007f8cd51b04f8

Register to memory mapping:

RAX=0x00007f8cd51b04f0 is an unknown value
RBX=0x0000000000000099 is an unknown value
RCX={method} {0x00007f8cd49a5600} 'parseComment' '()V' in 'org/codehaus/plexus/util/xml/pull/MXParser'
RDX=0x0000000000000026 is an unknown value
RSP=0x00007f8cf8830948 is pointing into the stack for thread: 0x00007f8cf0018800
RBP=0x00007f8cf8830990 is pointing into the stack for thread: 0x00007f8cf0018800
RSI=0x00000000890ca6a0 is an oop: org.codehaus.plexus.util.xml.pull.MXParser 
{0x00000000890ca6a0} - klass: 'org/codehaus/plexus/util/xml/pull/MXParser'
RDI=0x00007f8cf0015da0 points into unknown readable memory: 02 00 00 00 8c 7f 00 00
R8 =0x00000000890ca780 is an oop: [C 
{0x00000000890ca780} - klass: {type array char}
 - length: 8192
R9 =0x0 is NULL
R10=0x00007f8cf7c23e00: <offset 0x0000000001228e00> in /usr/lib/jvm/java-13-oracle/lib/server/libjvm.so at 0x00007f8cf69fb000
R11=0x00000000890ca6a0 is an oop: org.codehaus.plexus.util.xml.pull.MXParser 
{0x00000000890ca6a0} - klass: 'org/codehaus/plexus/util/xml/pull/MXParser'
R12=0x0 is NULL
R13=0x00007f8cd49a5410 is pointing into metadata
R14=0x00007f8cf88309d8 is pointing into the stack for thread: 0x00007f8cf0018800
R15=0x00007f8cf0018800 is a thread


Registers:
RAX=0x00007f8cd51b04f0, RBX=0x0000000000000099, RCX=0x00007f8cd49a5600, RDX=0x0000000000000026
RSP=0x00007f8cf8830948, RBP=0x00007f8cf8830990, RSI=0x00000000890ca6a0, RDI=0x00007f8cf0015da0
R8 =0x00000000890ca780, R9 =0x0000000000000000, R10=0x00007f8cf7c23e00, R11=0x00000000890ca6a0
R12=0x0000000000000000, R13=0x00007f8cd49a5410, R14=0x00007f8cf88309d8, R15=0x00007f8cf0018800
RIP=0x00007f8cd8a821a0, EFLAGS=0x0000000000010206, CSGSFS=0x0000000000000033, ERR=0x0000000000000004
  TRAPNO=0x000000000000000e

Top of Stack: (sp=0x00007f8cf8830948)
0x00007f8cf8830948:   00007f8cf8830948 00007f8cd49a53a9
0x00007f8cf8830958:   00007f8cf88309d8 00007f8cd49a7f20
0x00007f8cf8830968:   00007f8cd51b04f0 0000000088585018
0x00007f8cf8830978:   00007f8cd49a5600 0000000000000000 

Instructions: (pc=0x00007f8cd8a821a0)
0x00007f8cd8a820a0:   60 00 00 00 00 00 00 00 06 6e 84 f7 8c 7f 00 00
0x00007f8cd8a820b0:   97 00 00 00 00 00 00 00 00 00 00 00 00 00 00 00
0x00007f8cd8a820c0:   c5 fb 10 04 24 48 83 c4 10 c5 fb 10 0c 24 48 83
0x00007f8cd8a820d0:   c4 10 c5 f9 2e c8 b8 ff ff ff ff 7a 08 72 06 0f
0x00007f8cd8a820e0:   95 c2 0f b6 c2 41 0f b6 5d 01 49 ff c5 49 ba 00
0x00007f8cd8a820f0:   3e c2 f7 8c 7f 00 00 41 ff 24 da 0f 1f 44 00 00
0x00007f8cd8a82100:   60 00 00 00 00 00 00 00 0c 6e 84 f7 8c 7f 00 00
0x00007f8cd8a82110:   98 00 00 00 00 00 00 00 00 00 00 00 00 00 00 00
0x00007f8cd8a82120:   c5 fb 10 04 24 48 83 c4 10 c5 fb 10 0c 24 48 83
0x00007f8cd8a82130:   c4 10 c5 f9 2e c8 b8 01 00 00 00 7a 0b 77 09 b8
0x00007f8cd8a82140:   00 00 00 00 74 02 ff c8 41 0f b6 5d 01 49 ff c5
0x00007f8cd8a82150:   49 ba 00 3e c2 f7 8c 7f 00 00 41 ff 24 da 66 90
0x00007f8cd8a82160:   40 04 00 00 00 00 00 00 12 6e 84 f7 8c 7f 00 00
0x00007f8cd8a82170:   99 00 00 00 00 00 00 00 00 00 00 00 00 00 00 00
0x00007f8cd8a82180:   8b 04 24 48 83 c4 08 85 c0 0f 85 c8 03 00 00 48
0x00007f8cd8a82190:   8b 4d e8 48 8b 45 d8 48 85 c0 0f 84 18 00 00 00
0x00007f8cd8a821a0:   48 8b 58 08 48 83 c3 01 48 83 db 00 48 89 58 08
0x00007f8cd8a821b0:   48 03 40 10 48 89 45 d8 41 0f bf 55 01 0f ca c1
0x00007f8cd8a821c0:   fa 10 48 63 d2 4c 03 ea 85 d2 0f 89 fc 00 00 00
0x00007f8cd8a821d0:   48 8b 41 18 48 85 c0 0f 85 b0 00 00 00 52 51 e8
0x00007f8cd8a821e0:   05 00 00 00 e9 95 00 00 00 48 8b f1 48 8d 44 24
0x00007f8cd8a821f0:   08 4c 89 6d c0 49 8b ff c5 f8 77 49 89 af 00 03
0x00007f8cd8a82200:   00 00 49 89 87 f0 02 00 00 f7 c4 0f 00 00 00 0f
0x00007f8cd8a82210:   84 12 00 00 00 48 83 ec 08 e8 b2 f4 78 1e 48 83
0x00007f8cd8a82220:   c4 08 e9 05 00 00 00 e8 a4 f4 78 1e 49 ba 00 00
0x00007f8cd8a82230:   00 00 00 00 00 00 4d 89 97 f0 02 00 00 49 ba 00
0x00007f8cd8a82240:   00 00 00 00 00 00 00 4d 89 97 00 03 00 00 49 ba
0x00007f8cd8a82250:   00 00 00 00 00 00 00 00 4d 89 97 f8 02 00 00 c5
0x00007f8cd8a82260:   f8 77 49 81 7f 08 00 00 00 00 0f 84 05 00 00 00
0x00007f8cd8a82270:   e9 0b a6 fe ff 4c 8b 6d c0 4c 8b 75 c8 c3 59 5a
0x00007f8cd8a82280:   48 8b 41 18 48 85 c0 0f 84 3f 00 00 00 48 8b 59
0x00007f8cd8a82290:   10 48 85 db 74 20 8b 83 40 01 00 00 83 c0 08 89 


Stack slot to memory mapping:
stack at sp + 0 slots: 0x00007f8cf8830948 is pointing into the stack for thread: 0x00007f8cf0018800
stack at sp + 1 slots: 0x00007f8cd49a53a9 is pointing into metadata
stack at sp + 2 slots: 0x00007f8cf88309d8 is pointing into the stack for thread: 0x00007f8cf0018800
stack at sp + 3 slots: 0x00007f8cd49a7f20 is pointing into metadata
stack at sp + 4 slots: 0x00007f8cd51b04f0 is an unknown value
stack at sp + 5 slots: 0x0000000088585018 is an oop: java.lang.Class 
{0x0000000088585018} - klass: 'java/lang/Class'
stack at sp + 6 slots: {method} {0x00007f8cd49a5600} 'parseComment' '()V' in 'org/codehaus/plexus/util/xml/pull/MXParser'
stack at sp + 7 slots: 0x0 is NULL

ifeq  153 ifeq  [0x00007f8cd8a82180, 0x00007f8cd8a825a0]  1056 bytes
[MachCode]
  0x00007f8cd8a82180: 8b04 2448 | 83c4 0885 | c00f 85c8 | 0300 0048 | 8b4d e848 | 8b45 d848 | 85c0 0f84 | 1800 0000 
  0x00007f8cd8a821a0: 488b 5808 | 4883 c301 | 4883 db00 | 4889 5808 | 4803 4010 | 4889 45d8 | 410f bf55 | 010f cac1 
  0x00007f8cd8a821c0: fa10 4863 | d24c 03ea | 85d2 0f89 | fc00 0000 | 488b 4118 | 4885 c00f | 85b0 0000 | 0052 51e8 
  0x00007f8cd8a821e0: 0500 0000 | e995 0000 | 0048 8bf1 | 488d 4424 | 084c 896d | c049 8bff | c5f8 7749 | 89af 0003 
  0x00007f8cd8a82200: 0000 4989 | 87f0 0200 | 00f7 c40f | 0000 000f | 8412 0000 | 0048 83ec | 08e8 b2f4 | 781e 4883 
  0x00007f8cd8a82220: c408 e905 | 0000 00e8 | a4f4 781e | 49ba 0000 | 0000 0000 | 0000 4d89 | 97f0 0200 | 0049 ba00 
  0x00007f8cd8a82240: 0000 0000 | 0000 004d | 8997 0003 | 0000 49ba | 0000 0000 | 0000 0000 | 4d89 97f8 | 0200 00c5 
  0x00007f8cd8a82260: f877 4981 | 7f08 0000 | 0000 0f84 | 0500 0000 | e90b a6fe | ff4c 8b6d | c04c 8b75 | c8c3 595a 
  0x00007f8cd8a82280: 488b 4118 | 4885 c00f | 843f 0000 | 0048 8b59 | 1048 85db | 7420 8b83 | 4001 0000 | 83c0 0889 
  0x00007f8cd8a822a0: 8340 0100 | 0023 8354 | 0100 000f | 8435 0100 | 00e9 1600 | 0000 488b | 4918 8b41 | 1c83 c008 
  0x00007f8cd8a822c0: 8941 1c23 | 4134 0f84 | 1a01 0000 | 410f b65d | 0041 f687 | 0801 0000 | 0874 0c49 | ba00 c6c1 
  0x00007f8cd8a822e0: f78c 7f00 | 00eb 0a49 | ba00 66c2 | f78c 7f00 | 0041 ff24 | dae8 0500 | 0000 e992 | 0000 0048 
  0x00007f8cd8a82300: 8d44 2408 | 4c89 6dc0 | 498b ffc5 | f877 4989 | af00 0300 | 0049 8987 | f002 0000 | f7c4 0f00 
  0x00007f8cd8a82320: 0000 0f84 | 1200 0000 | 4883 ec08 | e85f 1a79 | 1e48 83c4 | 08e9 0500 | 0000 e851 | 1a79 1e49 
  0x00007f8cd8a82340: ba00 0000 | 0000 0000 | 004d 8997 | f002 0000 | 49ba 0000 | 0000 0000 | 0000 4d89 | 9700 0300 
  0x00007f8cd8a82360: 0049 ba00 | 0000 0000 | 0000 004d | 8997 f802 | 0000 c5f8 | 7749 817f | 0800 0000 | 000f 8405 
  0x00007f8cd8a82380: 0000 00e9 | f8a4 feff | 4c8b 6dc0 | 4c8b 75c8 | c350 5348 | 8b5d e848 | 8b43 1048 | 85c0 0f84 
  0x00007f8cd8a823a0: 3700 0000 | 498b f548 | 8bfb f7c4 | 0f00 0000 | 0f84 1200 | 0000 4883 | ec08 e8c1 | ef78 1e48 
  0x00007f8cd8a823c0: 83c4 08e9 | 0500 0000 | e8b3 ef78 | 1e48 8b5b | 1048 81c3 | 7801 0000 | 4803 c348 | 8945 d85b 
  0x00007f8cd8a823e0: 58e9 e6fe | ffff 48f7 | da49 03d5 | e805 0000 | 00e9 9500 | 0000 488b | f248 8d44 | 2408 4c89 
  0x00007f8cd8a82400: 6dc0 498b | ffc5 f877 | 4989 af00 | 0300 0049 | 8987 f002 | 0000 f7c4 | 0f00 0000 | 0f84 1200 
  0x00007f8cd8a82420: 0000 4883 | ec08 e8f5 | 3979 1e48 | 83c4 08e9 | 0500 0000 | e8e7 3979 | 1e49 ba00 | 0000 0000 
  0x00007f8cd8a82440: 0000 004d | 8997 f002 | 0000 49ba | 0000 0000 | 0000 0000 | 4d89 9700 | 0300 0049 | ba00 0000 
  0x00007f8cd8a82460: 0000 0000 | 004d 8997 | f802 0000 | c5f8 7749 | 817f 0800 | 0000 000f | 8405 0000 | 00e9 fea3 
  0x00007f8cd8a82480: feff 4c8b | 6dc0 4c8b | 75c8 c348 | 85c0 0f84 | 38fe ffff | 80b8 3e01 | 0000 000f | 852b feff 
  0x00007f8cd8a824a0: ff48 8bd8 | e805 0000 | 00e9 9200 | 0000 488d | 4424 084c | 896d c049 | 8bff c5f8 | 7749 89af 
  0x00007f8cd8a824c0: 0003 0000 | 4989 87f0 | 0200 00f7 | c40f 0000 | 000f 8412 | 0000 0048 | 83ec 08e8 | d077 be1e 
  0x00007f8cd8a824e0: 4883 c408 | e905 0000 | 00e8 c277 | be1e 49ba | 0000 0000 | 0000 0000 | 4d89 97f0 | 0200 0049 
  0x00007f8cd8a82500: ba00 0000 | 0000 0000 | 004d 8997 | 0003 0000 | 49ba 0000 | 0000 0000 | 0000 4d89 | 97f8 0200 
  0x00007f8cd8a82520: 00c5 f877 | 4981 7f08 | 0000 0000 | 0f84 0500 | 0000 e949 | a3fe ff4c | 8b6d c04c | 8b75 c8c3 
  0x00007f8cd8a82540: 488b f048 | 8b55 f8c9 | 5948 8be2 | 4883 e4f0 | 51ff a3f0 | 0000 0048 | 8b45 d848 | 85c0 0f84 
  0x00007f8cd8a82560: 1200 0000 | 4883 4018 | 0148 8358 | 1800 4883 | c020 4889 | 45d8 410f | b65d 0349 | 83c5 0349 
  0x00007f8cd8a82580: ba00 66c2 | f78c 7f00 | 0041 ff24 | da66 6690 | 0000 0000 | 0000 0000 | 0000 0000 | 0000 0000 
[/MachCode]

---------------  P R O C E S S  ---------------

Threads class SMR info:
_java_thread_list=0x00007f8ca02c1510, length=10, elements={
0x00007f8cf0018800, 0x00007f8cf012c800, 0x00007f8cf0136800, 0x00007f8cf013b800,
0x00007f8cf013d800, 0x00007f8cf013f800, 0x00007f8cf0141800, 0x00007f8cf0179000,
0x00007f8cf017e000, 0x00007f8ca02c0800
}

Java Threads: ( => current thread )
=>0x00007f8cf0018800 JavaThread "main" [_thread_in_Java, id=14587, stack(0x00007f8cf8733000,0x00007f8cf8834000)]
  0x00007f8cf012c800 JavaThread "Reference Handler" daemon [_thread_blocked, id=14594, stack(0x00007f8cd440b000,0x00007f8cd450c000)]
  0x00007f8cf0136800 JavaThread "Finalizer" daemon [_thread_blocked, id=14595, stack(0x00007f8cd430a000,0x00007f8cd440b000)]
  0x00007f8cf013b800 JavaThread "Signal Dispatcher" daemon [_thread_blocked, id=14596, stack(0x00007f8cc5eff000,0x00007f8cc6000000)]
  0x00007f8cf013d800 JavaThread "C2 CompilerThread0" daemon [_thread_in_native, id=14597, stack(0x00007f8cc5dfe000,0x00007f8cc5eff000)]
  0x00007f8cf013f800 JavaThread "C1 CompilerThread0" daemon [_thread_blocked, id=14598, stack(0x00007f8cc5cfd000,0x00007f8cc5dfe000)]
  0x00007f8cf0141800 JavaThread "Sweeper thread" daemon [_thread_blocked, id=14599, stack(0x00007f8cc5bfc000,0x00007f8cc5cfd000)]
  0x00007f8cf0179000 JavaThread "Service Thread" daemon [_thread_blocked, id=14600, stack(0x00007f8cc5afb000,0x00007f8cc5bfc000)]
  0x00007f8cf017e000 JavaThread "Common-Cleaner" daemon [_thread_blocked, id=14602, stack(0x00007f8cc58f9000,0x00007f8cc59fa000)]
  0x00007f8ca02c0800 JavaThread "C2 CompilerThread1" daemon [_thread_in_native, id=14606, stack(0x00007f8cc57c7000,0x00007f8cc58c8000)]

Other Threads:
  0x00007f8cf0129800 VMThread "VM Thread" [stack: 0x00007f8cf4007000,0x00007f8cf4107000] [id=14593]
  0x00007f8cf017b800 WatcherThread [stack: 0x00007f8cc59fb000,0x00007f8cc5afb000] [id=14601]
  0x00007f8cf006b800 GCTaskThread "GC Thread#0" [stack: 0x00007f8cf4a4e000,0x00007f8cf4b4e000] [id=14588]
  0x00007f8cbc001000 GCTaskThread "GC Thread#1" [stack: 0x00007f8cc56c7000,0x00007f8cc57c7000] [id=14604]
  0x00007f8cbc002800 GCTaskThread "GC Thread#2" [stack: 0x00007f8cc55c6000,0x00007f8cc56c6000] [id=14605]
  0x00007f8cf007d000 ConcurrentGCThread "G1 Main Marker" [stack: 0x00007f8cf494d000,0x00007f8cf4a4d000] [id=14589]
  0x00007f8cf007e800 ConcurrentGCThread "G1 Conc#0" [stack: 0x00007f8cf484c000,0x00007f8cf494c000] [id=14590]
  0x00007f8cf00f7800 ConcurrentGCThread "G1 Refine#0" [stack: 0x00007f8cf4347000,0x00007f8cf4447000] [id=14591]
  0x00007f8cf00f9000 ConcurrentGCThread "G1 Young RemSet Sampling" [stack: 0x00007f8cf4246000,0x00007f8cf4346000] [id=14592]

Threads with active compile tasks:
C2 CompilerThread0     3844 2852       4       org.eclipse.sisu.plexus.RealmFilteredBeans$FilteredItr::hasNext (85 bytes)
C2 CompilerThread1     3844 2844       4       org.eclipse.sisu.inject.RankedSequence$Itr::hasNext (116 bytes)

VM state:not at safepoint (normal execution)

VM Mutex/Monitor currently owned by a thread: None

Heap address: 0x0000000085400000, size: 1964 MB, Compressed Oops mode: 32-bit
Narrow klass base: 0x0000000800000000, Narrow klass shift: 3
Compressed class space size: 1073741824 Address: 0x0000000800aed000

Heap:
 garbage-first heap   total 129024K, used 72120K [0x0000000085400000, 0x0000000100000000)
  region size 1024K, 71 young (72704K), 7 survivors (7168K)
 Metaspace       used 14496K, capacity 15893K, committed 16256K, reserved 1062912K
  class space    used 1622K, capacity 1853K, committed 1920K, reserved 1048576K
Heap Regions: E=young(eden), S=young(survivor), O=old, HS=humongous(starts), HC=humongous(continues), CS=collection set, F=free, A=archive, TAMS=top-at-mark-start (previous, next)
|   0|0x0000000085400000, 0x000000008546fe00, 0x0000000085500000| 43%| O|  |TAMS 0x0000000085400000, 0x0000000085400000| Untracked 
|   1|0x0000000085500000, 0x0000000085500000, 0x0000000085600000|  0%| F|  |TAMS 0x0000000085500000, 0x0000000085500000| Untracked 
|   2|0x0000000085600000, 0x0000000085600000, 0x0000000085700000|  0%| F|  |TAMS 0x0000000085600000, 0x0000000085600000| Untracked 
|   3|0x0000000085700000, 0x0000000085700000, 0x0000000085800000|  0%| F|  |TAMS 0x0000000085700000, 0x0000000085700000| Untracked 
|   4|0x0000000085800000, 0x0000000085800000, 0x0000000085900000|  0%| F|  |TAMS 0x0000000085800000, 0x0000000085800000| Untracked 
|   5|0x0000000085900000, 0x0000000085900000, 0x0000000085a00000|  0%| F|  |TAMS 0x0000000085900000, 0x0000000085900000| Untracked 
|   6|0x0000000085a00000, 0x0000000085a00000, 0x0000000085b00000|  0%| F|  |TAMS 0x0000000085a00000, 0x0000000085a00000| Untracked 
|   7|0x0000000085b00000, 0x0000000085b00000, 0x0000000085c00000|  0%| F|  |TAMS 0x0000000085b00000, 0x0000000085b00000| Untracked 
|   8|0x0000000085c00000, 0x0000000085c00000, 0x0000000085d00000|  0%| F|  |TAMS 0x0000000085c00000, 0x0000000085c00000| Untracked 
|   9|0x0000000085d00000, 0x0000000085d00000, 0x0000000085e00000|  0%| F|  |TAMS 0x0000000085d00000, 0x0000000085d00000| Untracked 
|  10|0x0000000085e00000, 0x0000000085e00000, 0x0000000085f00000|  0%| F|  |TAMS 0x0000000085e00000, 0x0000000085e00000| Untracked 
|  11|0x0000000085f00000, 0x0000000085f00000, 0x0000000086000000|  0%| F|  |TAMS 0x0000000085f00000, 0x0000000085f00000| Untracked 
|  12|0x0000000086000000, 0x0000000086000000, 0x0000000086100000|  0%| F|  |TAMS 0x0000000086000000, 0x0000000086000000| Untracked 
|  13|0x0000000086100000, 0x0000000086100000, 0x0000000086200000|  0%| F|  |TAMS 0x0000000086100000, 0x0000000086100000| Untracked 
|  14|0x0000000086200000, 0x0000000086200000, 0x0000000086300000|  0%| F|  |TAMS 0x0000000086200000, 0x0000000086200000| Untracked 
|  15|0x0000000086300000, 0x0000000086300000, 0x0000000086400000|  0%| F|  |TAMS 0x0000000086300000, 0x0000000086300000| Untracked 
|  16|0x0000000086400000, 0x0000000086400000, 0x0000000086500000|  0%| F|  |TAMS 0x0000000086400000, 0x0000000086400000| Untracked 
|  17|0x0000000086500000, 0x0000000086500000, 0x0000000086600000|  0%| F|  |TAMS 0x0000000086500000, 0x0000000086500000| Untracked 
|  18|0x0000000086600000, 0x0000000086600000, 0x0000000086700000|  0%| F|  |TAMS 0x0000000086600000, 0x0000000086600000| Untracked 
|  19|0x0000000086700000, 0x0000000086700000, 0x0000000086800000|  0%| F|  |TAMS 0x0000000086700000, 0x0000000086700000| Untracked 
|  20|0x0000000086800000, 0x0000000086800000, 0x0000000086900000|  0%| F|  |TAMS 0x0000000086800000, 0x0000000086800000| Untracked 
|  21|0x0000000086900000, 0x0000000086900000, 0x0000000086a00000|  0%| F|  |TAMS 0x0000000086900000, 0x0000000086900000| Untracked 
|  22|0x0000000086a00000, 0x0000000086a00000, 0x0000000086b00000|  0%| F|  |TAMS 0x0000000086a00000, 0x0000000086a00000| Untracked 
|  23|0x0000000086b00000, 0x0000000086b00000, 0x0000000086c00000|  0%| F|  |TAMS 0x0000000086b00000, 0x0000000086b00000| Untracked 
|  24|0x0000000086c00000, 0x0000000086c00000, 0x0000000086d00000|  0%| F|  |TAMS 0x0000000086c00000, 0x0000000086c00000| Untracked 
|  25|0x0000000086d00000, 0x0000000086d00000, 0x0000000086e00000|  0%| F|  |TAMS 0x0000000086d00000, 0x0000000086d00000| Untracked 
|  26|0x0000000086e00000, 0x0000000086e00000, 0x0000000086f00000|  0%| F|  |TAMS 0x0000000086e00000, 0x0000000086e00000| Untracked 
|  27|0x0000000086f00000, 0x0000000086f00000, 0x0000000087000000|  0%| F|  |TAMS 0x0000000086f00000, 0x0000000086f00000| Untracked 
|  28|0x0000000087000000, 0x0000000087000000, 0x0000000087100000|  0%| F|  |TAMS 0x0000000087000000, 0x0000000087000000| Untracked 
|  29|0x0000000087100000, 0x0000000087100000, 0x0000000087200000|  0%| F|  |TAMS 0x0000000087100000, 0x0000000087100000| Untracked 
|  30|0x0000000087200000, 0x0000000087200000, 0x0000000087300000|  0%| F|  |TAMS 0x0000000087200000, 0x0000000087200000| Untracked 
|  31|0x0000000087300000, 0x0000000087300000, 0x0000000087400000|  0%| F|  |TAMS 0x0000000087300000, 0x0000000087300000| Untracked 
|  32|0x0000000087400000, 0x0000000087400000, 0x0000000087500000|  0%| F|  |TAMS 0x0000000087400000, 0x0000000087400000| Untracked 
|  33|0x0000000087500000, 0x0000000087500000, 0x0000000087600000|  0%| F|  |TAMS 0x0000000087500000, 0x0000000087500000| Untracked 
|  34|0x0000000087600000, 0x0000000087600000, 0x0000000087700000|  0%| F|  |TAMS 0x0000000087600000, 0x0000000087600000| Untracked 
|  35|0x0000000087700000, 0x0000000087700000, 0x0000000087800000|  0%| F|  |TAMS 0x0000000087700000, 0x0000000087700000| Untracked 
|  36|0x0000000087800000, 0x0000000087800000, 0x0000000087900000|  0%| F|  |TAMS 0x0000000087800000, 0x0000000087800000| Untracked 
|  37|0x0000000087900000, 0x0000000087900000, 0x0000000087a00000|  0%| F|  |TAMS 0x0000000087900000, 0x0000000087900000| Untracked 
|  38|0x0000000087a00000, 0x0000000087a00000, 0x0000000087b00000|  0%| F|  |TAMS 0x0000000087a00000, 0x0000000087a00000| Untracked 
|  39|0x0000000087b00000, 0x0000000087b00000, 0x0000000087c00000|  0%| F|  |TAMS 0x0000000087b00000, 0x0000000087b00000| Untracked 
|  40|0x0000000087c00000, 0x0000000087c00000, 0x0000000087d00000|  0%| F|  |TAMS 0x0000000087c00000, 0x0000000087c00000| Untracked 
|  41|0x0000000087d00000, 0x0000000087d00000, 0x0000000087e00000|  0%| F|  |TAMS 0x0000000087d00000, 0x0000000087d00000| Untracked 
|  42|0x0000000087e00000, 0x0000000087e00000, 0x0000000087f00000|  0%| F|  |TAMS 0x0000000087e00000, 0x0000000087e00000| Untracked 
|  43|0x0000000087f00000, 0x0000000087f3c420, 0x0000000088000000| 23%| S|CS|TAMS 0x0000000087f00000, 0x0000000087f00000| Complete 
|  44|0x0000000088000000, 0x0000000088100000, 0x0000000088100000|100%| S|CS|TAMS 0x0000000088000000, 0x0000000088000000| Complete 
|  45|0x0000000088100000, 0x0000000088200000, 0x0000000088200000|100%| S|CS|TAMS 0x0000000088100000, 0x0000000088100000| Complete 
|  46|0x0000000088200000, 0x0000000088300000, 0x0000000088300000|100%| S|CS|TAMS 0x0000000088200000, 0x0000000088200000| Complete 
|  47|0x0000000088300000, 0x0000000088400000, 0x0000000088400000|100%| S|CS|TAMS 0x0000000088300000, 0x0000000088300000| Complete 
|  48|0x0000000088400000, 0x0000000088500000, 0x0000000088500000|100%| S|CS|TAMS 0x0000000088400000, 0x0000000088400000| Complete 
|  49|0x0000000088500000, 0x0000000088600000, 0x0000000088600000|100%| S|CS|TAMS 0x0000000088500000, 0x0000000088500000| Complete 
|  50|0x0000000088600000, 0x0000000088600000, 0x0000000088700000|  0%| F|  |TAMS 0x0000000088600000, 0x0000000088600000| Untracked 
|  51|0x0000000088700000, 0x0000000088700000, 0x0000000088800000|  0%| F|  |TAMS 0x0000000088700000, 0x0000000088700000| Untracked 
|  52|0x0000000088800000, 0x0000000088800000, 0x0000000088900000|  0%| F|  |TAMS 0x0000000088800000, 0x0000000088800000| Untracked 
|  53|0x0000000088900000, 0x0000000088900000, 0x0000000088a00000|  0%| F|  |TAMS 0x0000000088900000, 0x0000000088900000| Untracked 
|  54|0x0000000088a00000, 0x0000000088a00000, 0x0000000088b00000|  0%| F|  |TAMS 0x0000000088a00000, 0x0000000088a00000| Untracked 
|  55|0x0000000088b00000, 0x0000000088b00000, 0x0000000088c00000|  0%| F|  |TAMS 0x0000000088b00000, 0x0000000088b00000| Untracked 
|  56|0x0000000088c00000, 0x0000000088c00000, 0x0000000088d00000|  0%| F|  |TAMS 0x0000000088c00000, 0x0000000088c00000| Untracked 
|  57|0x0000000088d00000, 0x0000000088d00000, 0x0000000088e00000|  0%| F|  |TAMS 0x0000000088d00000, 0x0000000088d00000| Untracked 
|  58|0x0000000088e00000, 0x0000000088e00000, 0x0000000088f00000|  0%| F|  |TAMS 0x0000000088e00000, 0x0000000088e00000| Untracked 
|  59|0x0000000088f00000, 0x0000000088f00000, 0x0000000089000000|  0%| F|  |TAMS 0x0000000088f00000, 0x0000000088f00000| Untracked 
|  60|0x0000000089000000, 0x0000000089100000, 0x0000000089100000|100%| E|  |TAMS 0x0000000089000000, 0x0000000089000000| Complete 
|  61|0x0000000089100000, 0x0000000089200000, 0x0000000089200000|100%| E|CS|TAMS 0x0000000089100000, 0x0000000089100000| Complete 
|  62|0x0000000089200000, 0x0000000089300000, 0x0000000089300000|100%| E|CS|TAMS 0x0000000089200000, 0x0000000089200000| Complete 
|  63|0x0000000089300000, 0x0000000089400000, 0x0000000089400000|100%| E|CS|TAMS 0x0000000089300000, 0x0000000089300000| Complete 
|  64|0x0000000089400000, 0x0000000089500000, 0x0000000089500000|100%| E|CS|TAMS 0x0000000089400000, 0x0000000089400000| Complete 
|  65|0x0000000089500000, 0x0000000089600000, 0x0000000089600000|100%| E|CS|TAMS 0x0000000089500000, 0x0000000089500000| Complete 
|  66|0x0000000089600000, 0x0000000089700000, 0x0000000089700000|100%| E|CS|TAMS 0x0000000089600000, 0x0000000089600000| Complete 
|  67|0x0000000089700000, 0x0000000089800000, 0x0000000089800000|100%| E|CS|TAMS 0x0000000089700000, 0x0000000089700000| Complete 
|  68|0x0000000089800000, 0x0000000089900000, 0x0000000089900000|100%| E|CS|TAMS 0x0000000089800000, 0x0000000089800000| Complete 
|  69|0x0000000089900000, 0x0000000089a00000, 0x0000000089a00000|100%| E|CS|TAMS 0x0000000089900000, 0x0000000089900000| Complete 
|  70|0x0000000089a00000, 0x0000000089b00000, 0x0000000089b00000|100%| E|CS|TAMS 0x0000000089a00000, 0x0000000089a00000| Complete 
|  71|0x0000000089b00000, 0x0000000089c00000, 0x0000000089c00000|100%| E|CS|TAMS 0x0000000089b00000, 0x0000000089b00000| Complete 
|  72|0x0000000089c00000, 0x0000000089d00000, 0x0000000089d00000|100%| E|CS|TAMS 0x0000000089c00000, 0x0000000089c00000| Complete 
|  73|0x0000000089d00000, 0x0000000089e00000, 0x0000000089e00000|100%| E|CS|TAMS 0x0000000089d00000, 0x0000000089d00000| Complete 
|  74|0x0000000089e00000, 0x0000000089f00000, 0x0000000089f00000|100%| E|CS|TAMS 0x0000000089e00000, 0x0000000089e00000| Complete 
|  75|0x0000000089f00000, 0x000000008a000000, 0x000000008a000000|100%| E|CS|TAMS 0x0000000089f00000, 0x0000000089f00000| Complete 
|  76|0x000000008a000000, 0x000000008a100000, 0x000000008a100000|100%| E|CS|TAMS 0x000000008a000000, 0x000000008a000000| Complete 
|  77|0x000000008a100000, 0x000000008a200000, 0x000000008a200000|100%| E|CS|TAMS 0x000000008a100000, 0x000000008a100000| Complete 
|  78|0x000000008a200000, 0x000000008a300000, 0x000000008a300000|100%| E|CS|TAMS 0x000000008a200000, 0x000000008a200000| Complete 
|  79|0x000000008a300000, 0x000000008a400000, 0x000000008a400000|100%| E|CS|TAMS 0x000000008a300000, 0x000000008a300000| Complete 
|  80|0x000000008a400000, 0x000000008a500000, 0x000000008a500000|100%| E|CS|TAMS 0x000000008a400000, 0x000000008a400000| Complete 
|  81|0x000000008a500000, 0x000000008a600000, 0x000000008a600000|100%| E|CS|TAMS 0x000000008a500000, 0x000000008a500000| Complete 
|  82|0x000000008a600000, 0x000000008a700000, 0x000000008a700000|100%| E|CS|TAMS 0x000000008a600000, 0x000000008a600000| Complete 
|  83|0x000000008a700000, 0x000000008a800000, 0x000000008a800000|100%| E|CS|TAMS 0x000000008a700000, 0x000000008a700000| Complete 
|  84|0x000000008a800000, 0x000000008a900000, 0x000000008a900000|100%| E|CS|TAMS 0x000000008a800000, 0x000000008a800000| Complete 
|  85|0x000000008a900000, 0x000000008aa00000, 0x000000008aa00000|100%| E|CS|TAMS 0x000000008a900000, 0x000000008a900000| Complete 
|  86|0x000000008aa00000, 0x000000008ab00000, 0x000000008ab00000|100%| E|CS|TAMS 0x000000008aa00000, 0x000000008aa00000| Complete 
|  87|0x000000008ab00000, 0x000000008ac00000, 0x000000008ac00000|100%| E|CS|TAMS 0x000000008ab00000, 0x000000008ab00000| Complete 
|  88|0x000000008ac00000, 0x000000008ad00000, 0x000000008ad00000|100%| E|CS|TAMS 0x000000008ac00000, 0x000000008ac00000| Complete 
|  89|0x000000008ad00000, 0x000000008ae00000, 0x000000008ae00000|100%| E|CS|TAMS 0x000000008ad00000, 0x000000008ad00000| Complete 
|  90|0x000000008ae00000, 0x000000008af00000, 0x000000008af00000|100%| E|CS|TAMS 0x000000008ae00000, 0x000000008ae00000| Complete 
|  91|0x000000008af00000, 0x000000008b000000, 0x000000008b000000|100%| E|CS|TAMS 0x000000008af00000, 0x000000008af00000| Complete 
|  92|0x000000008b000000, 0x000000008b100000, 0x000000008b100000|100%| E|CS|TAMS 0x000000008b000000, 0x000000008b000000| Complete 
|  93|0x000000008b100000, 0x000000008b200000, 0x000000008b200000|100%| E|CS|TAMS 0x000000008b100000, 0x000000008b100000| Complete 
|  94|0x000000008b200000, 0x000000008b300000, 0x000000008b300000|100%| E|CS|TAMS 0x000000008b200000, 0x000000008b200000| Complete 
|  95|0x000000008b300000, 0x000000008b400000, 0x000000008b400000|100%| E|CS|TAMS 0x000000008b300000, 0x000000008b300000| Complete 
|  96|0x000000008b400000, 0x000000008b500000, 0x000000008b500000|100%| E|CS|TAMS 0x000000008b400000, 0x000000008b400000| Complete 
|  97|0x000000008b500000, 0x000000008b600000, 0x000000008b600000|100%| E|CS|TAMS 0x000000008b500000, 0x000000008b500000| Complete 
|  98|0x000000008b600000, 0x000000008b700000, 0x000000008b700000|100%| E|CS|TAMS 0x000000008b600000, 0x000000008b600000| Complete 
|  99|0x000000008b700000, 0x000000008b800000, 0x000000008b800000|100%| E|CS|TAMS 0x000000008b700000, 0x000000008b700000| Complete 
| 100|0x000000008b800000, 0x000000008b900000, 0x000000008b900000|100%| E|CS|TAMS 0x000000008b800000, 0x000000008b800000| Complete 
| 101|0x000000008b900000, 0x000000008ba00000, 0x000000008ba00000|100%| E|CS|TAMS 0x000000008b900000, 0x000000008b900000| Complete 
| 102|0x000000008ba00000, 0x000000008bb00000, 0x000000008bb00000|100%| E|CS|TAMS 0x000000008ba00000, 0x000000008ba00000| Complete 
| 103|0x000000008bb00000, 0x000000008bc00000, 0x000000008bc00000|100%| E|CS|TAMS 0x000000008bb00000, 0x000000008bb00000| Complete 
| 104|0x000000008bc00000, 0x000000008bd00000, 0x000000008bd00000|100%| E|CS|TAMS 0x000000008bc00000, 0x000000008bc00000| Complete 
| 105|0x000000008bd00000, 0x000000008be00000, 0x000000008be00000|100%| E|CS|TAMS 0x000000008bd00000, 0x000000008bd00000| Complete 
| 106|0x000000008be00000, 0x000000008bf00000, 0x000000008bf00000|100%| E|CS|TAMS 0x000000008be00000, 0x000000008be00000| Complete 
| 107|0x000000008bf00000, 0x000000008c000000, 0x000000008c000000|100%| E|CS|TAMS 0x000000008bf00000, 0x000000008bf00000| Complete 
| 108|0x000000008c000000, 0x000000008c100000, 0x000000008c100000|100%| E|CS|TAMS 0x000000008c000000, 0x000000008c000000| Complete 
| 109|0x000000008c100000, 0x000000008c200000, 0x000000008c200000|100%| E|CS|TAMS 0x000000008c100000, 0x000000008c100000| Complete 
| 110|0x000000008c200000, 0x000000008c300000, 0x000000008c300000|100%| E|CS|TAMS 0x000000008c200000, 0x000000008c200000| Complete 
| 111|0x000000008c300000, 0x000000008c400000, 0x000000008c400000|100%| E|CS|TAMS 0x000000008c300000, 0x000000008c300000| Complete 
| 112|0x000000008c400000, 0x000000008c500000, 0x000000008c500000|100%| E|CS|TAMS 0x000000008c400000, 0x000000008c400000| Complete 
| 113|0x000000008c500000, 0x000000008c600000, 0x000000008c600000|100%| E|CS|TAMS 0x000000008c500000, 0x000000008c500000| Complete 
| 114|0x000000008c600000, 0x000000008c700000, 0x000000008c700000|100%| E|CS|TAMS 0x000000008c600000, 0x000000008c600000| Complete 
| 115|0x000000008c700000, 0x000000008c800000, 0x000000008c800000|100%| E|CS|TAMS 0x000000008c700000, 0x000000008c700000| Complete 
| 116|0x000000008c800000, 0x000000008c900000, 0x000000008c900000|100%| E|CS|TAMS 0x000000008c800000, 0x000000008c800000| Complete 
| 117|0x000000008c900000, 0x000000008ca00000, 0x000000008ca00000|100%| E|CS|TAMS 0x000000008c900000, 0x000000008c900000| Complete 
| 118|0x000000008ca00000, 0x000000008cb00000, 0x000000008cb00000|100%| E|CS|TAMS 0x000000008ca00000, 0x000000008ca00000| Complete 
| 119|0x000000008cb00000, 0x000000008cc00000, 0x000000008cc00000|100%| E|CS|TAMS 0x000000008cb00000, 0x000000008cb00000| Complete 
| 120|0x000000008cc00000, 0x000000008cd00000, 0x000000008cd00000|100%| E|CS|TAMS 0x000000008cc00000, 0x000000008cc00000| Complete 
| 121|0x000000008cd00000, 0x000000008ce00000, 0x000000008ce00000|100%| E|CS|TAMS 0x000000008cd00000, 0x000000008cd00000| Complete 
| 122|0x000000008ce00000, 0x000000008cf00000, 0x000000008cf00000|100%| E|CS|TAMS 0x000000008ce00000, 0x000000008ce00000| Complete 
| 123|0x000000008cf00000, 0x000000008d000000, 0x000000008d000000|100%| E|CS|TAMS 0x000000008cf00000, 0x000000008cf00000| Complete 
|1962|0x00000000ffe00000, 0x00000000ffe48000, 0x00000000fff00000| 28%|OA|  |TAMS 0x00000000ffe00000, 0x00000000ffe00000| Untracked 
|1963|0x00000000fff00000, 0x00000000fff7a000, 0x0000000100000000| 47%|CA|  |TAMS 0x00000000fff00000, 0x00000000fff00000| Untracked 

Card table byte_map: [0x00007f8cf4f24000,0x00007f8cf52fa000] _byte_map_base: 0x00007f8cf4afa000

Marking Bits (Prev, Next): (CMBitMap*) 0x00007f8cf006c8b8, (CMBitMap*) 0x00007f8cf006c8f8
 Prev Bits: [0x00007f8cd6bbc000, 0x00007f8cd8a6c000)
 Next Bits: [0x00007f8cd4d0c000, 0x00007f8cd6bbc000)

Polling page: 0x00007f8cf8850000

Metaspace:

Usage:
  Non-class:     13.71 MB capacity,    12.57 MB ( 92%) used,     1.12 MB (  8%) free+waste,    17.62 KB ( <1%) overhead. 
      Class:      1.81 MB capacity,     1.58 MB ( 88%) used,   223.27 KB ( 12%) free+waste,     7.50 KB ( <1%) overhead. 
       Both:     15.52 MB capacity,    14.16 MB ( 91%) used,     1.34 MB (  9%) free+waste,    25.12 KB ( <1%) overhead. 

Virtual space:
  Non-class space:       14.00 MB reserved,      14.00 MB (100%) committed 
      Class space:        1.00 GB reserved,       1.88 MB ( <1%) committed 
             Both:        1.01 GB reserved,      15.88 MB (  2%) committed 

Chunk freelists:
   Non-Class:  148.00 KB
       Class:  15.00 KB
        Both:  163.00 KB

MaxMetaspaceSize: unlimited
CompressedClassSpaceSize: 1.00 GB

CodeHeap 'non-profiled nmethods': size=120032Kb used=1396Kb max_used=1396Kb free=118635Kb
 bounds [0x00007f8ce0534000, 0x00007f8ce07a4000, 0x00007f8ce7a6c000]
CodeHeap 'profiled nmethods': size=120028Kb used=6464Kb max_used=6464Kb free=113563Kb
 bounds [0x00007f8cd8ffd000, 0x00007f8cd965d000, 0x00007f8ce0534000]
CodeHeap 'non-nmethods': size=5700Kb used=1171Kb max_used=1201Kb free=4528Kb
 bounds [0x00007f8cd8a6c000, 0x00007f8cd8cdc000, 0x00007f8cd8ffd000]
 total_blobs=3956 nmethods=2925 adapters=328
 compilation: enabled
              stopped_count=0, restarted_count=0
 full_count=0

Compilation events (20 events):
Event: 3.754 Thread 0x00007f8cf013f800 2961       1       org.apache.maven.model.Model::setBuild (6 bytes)
Event: 3.754 Thread 0x00007f8cf013f800 nmethod 2961 0x00007f8ce0687490 code [0x00007f8ce0687620, 0x00007f8ce06877b0]
Event: 3.757 Thread 0x00007f8cf013f800 2963       2       org.apache.maven.model.normalization.DefaultModelNormalizer::injectDependencyDefaults (46 bytes)
Event: 3.758 Thread 0x00007f8cf013f800 nmethod 2963 0x00007f8cd963f590 code [0x00007f8cd963f780, 0x00007f8cd963fb18]
Event: 3.759 Thread 0x00007f8cf013f800 2964       2       java.util.regex.Pattern$Node::match (27 bytes)
Event: 3.759 Thread 0x00007f8cf013f800 nmethod 2964 0x00007f8cd963fd10 code [0x00007f8cd963fea0, 0x00007f8cd9640070]
Event: 3.760 Thread 0x00007f8cf013f800 2965 %     3       org.codehaus.plexus.util.xml.pull.MXParser::parseAttribute @ 723 (1641 bytes)
Event: 3.775 Thread 0x00007f8cf013f800 nmethod 2965% 0x00007f8cd9640190 code [0x00007f8cd9640d20, 0x00007f8cd96486b8]
Event: 3.775 Thread 0x00007f8cf013f800 2969       2       org.apache.maven.model.Model::getProjectDirectory (19 bytes)
Event: 3.776 Thread 0x00007f8cf013f800 nmethod 2969 0x00007f8cd964b210 code [0x00007f8cd964b3c0, 0x00007f8cd964b668]
Event: 3.776 Thread 0x00007f8cf013f800 2970       1       org.apache.maven.model.Contributor::setOrganization (6 bytes)
Event: 3.776 Thread 0x00007f8cf013f800 nmethod 2970 0x00007f8ce0687810 code [0x00007f8ce06879a0, 0x00007f8ce0687b10]
Event: 3.776 Thread 0x00007f8cf013f800 2966       1       org.apache.maven.model.PluginExecution::setGoals (6 bytes)
Event: 3.776 Thread 0x00007f8cf013f800 nmethod 2966 0x00007f8ce0687b90 code [0x00007f8ce0687d20, 0x00007f8ce0687e90]
Event: 3.776 Thread 0x00007f8cf013f800 2967       1       org.eclipse.aether.repository.RemoteRepository::getHost (5 bytes)
Event: 3.776 Thread 0x00007f8cf013f800 nmethod 2967 0x00007f8ce0687f10 code [0x00007f8ce06880a0, 0x00007f8ce06881d0]
Event: 3.776 Thread 0x00007f8cf013f800 2968       1       org.eclipse.aether.repository.RemoteRepository::getProtocol (5 bytes)
Event: 3.776 Thread 0x00007f8cf013f800 nmethod 2968 0x00007f8ce0688290 code [0x00007f8ce0688420, 0x00007f8ce0688550]
Event: 3.778 Thread 0x00007f8cf013f800 2971   !   2       org.apache.maven.model.Contributor::clone (126 bytes)
Event: 3.781 Thread 0x00007f8cf013f800 nmethod 2971 0x00007f8cd964b790 code [0x00007f8cd964ba60, 0x00007f8cd964c858]

GC Heap History (4 events):
Event: 0.723 GC heap before
{Heap before GC invocations=0 (full 0):
 garbage-first heap   total 129024K, used 15112K [0x0000000085400000, 0x0000000100000000)
  region size 1024K, 14 young (14336K), 0 survivors (0K)
 Metaspace       used 4228K, capacity 7167K, committed 7296K, reserved 1056768K
  class space    used 513K, capacity 818K, committed 896K, reserved 1048576K
}
Event: 0.735 GC heap after
{Heap after GC invocations=1 (full 0):
 garbage-first heap   total 129024K, used 3271K [0x0000000085400000, 0x0000000100000000)
  region size 1024K, 2 young (2048K), 2 survivors (2048K)
 Metaspace       used 4228K, capacity 7167K, committed 7296K, reserved 1056768K
  class space    used 513K, capacity 818K, committed 896K, reserved 1048576K
}
Event: 2.839 GC heap before
{Heap before GC invocations=1 (full 0):
 garbage-first heap   total 129024K, used 76999K [0x0000000085400000, 0x0000000100000000)
  region size 1024K, 74 young (75776K), 2 survivors (2048K)
 Metaspace       used 13592K, capacity 15268K, committed 15744K, reserved 1062912K
  class space    used 1593K, capacity 1815K, committed 1920K, reserved 1048576K
}
Event: 2.857 GC heap after
{Heap after GC invocations=2 (full 0):
 garbage-first heap   total 129024K, used 7608K [0x0000000085400000, 0x0000000100000000)
  region size 1024K, 7 young (7168K), 7 survivors (7168K)
 Metaspace       used 13592K, capacity 15268K, committed 15744K, reserved 1062912K
  class space    used 1593K, capacity 1815K, committed 1920K, reserved 1048576K
}

Deoptimization events (20 events):
Event: 3.717 Thread 0x00007f8cf0018800 DEOPT PACKING pc=0x00007f8ce067f8b4 sp=0x00007f8cf8831070
Event: 3.717 Thread 0x00007f8cf0018800 DEOPT UNPACKING pc=0x00007f8cd8ab4e25 sp=0x00007f8cf8831030 mode 2
Event: 3.717 Thread 0x00007f8cf0018800 Uncommon trap: trap_request=0xffffffbe fr.pc=0x00007f8ce067f8b4 relative=0x0000000000000a54
Event: 3.718 Thread 0x00007f8cf0018800 Uncommon trap: reason=profile_predicate action=maybe_recompile pc=0x00007f8ce067f8b4 method=java.util.regex.Pattern$CharPropertyGreedy.match(Ljava/util/regex/Matcher;ILjava/lang/CharSequence;)Z @ 12 c2
Event: 3.718 Thread 0x00007f8cf0018800 DEOPT PACKING pc=0x00007f8ce067f8b4 sp=0x00007f8cf8830d40
Event: 3.718 Thread 0x00007f8cf0018800 DEOPT UNPACKING pc=0x00007f8cd8ab4e25 sp=0x00007f8cf8830d00 mode 2
Event: 3.718 Thread 0x00007f8cf0018800 Uncommon trap: trap_request=0xffffffbe fr.pc=0x00007f8ce067f8b4 relative=0x0000000000000a54
Event: 3.718 Thread 0x00007f8cf0018800 Uncommon trap: reason=profile_predicate action=maybe_recompile pc=0x00007f8ce067f8b4 method=java.util.regex.Pattern$CharPropertyGreedy.match(Ljava/util/regex/Matcher;ILjava/lang/CharSequence;)Z @ 12 c2
Event: 3.718 Thread 0x00007f8cf0018800 DEOPT PACKING pc=0x00007f8ce067f8b4 sp=0x00007f8cf8830dd0
Event: 3.718 Thread 0x00007f8cf0018800 DEOPT UNPACKING pc=0x00007f8cd8ab4e25 sp=0x00007f8cf8830d90 mode 2
Event: 3.726 Thread 0x00007f8cf0018800 Uncommon trap: trap_request=0xffffffbe fr.pc=0x00007f8ce067f8b4 relative=0x0000000000000a54
Event: 3.726 Thread 0x00007f8cf0018800 Uncommon trap: reason=profile_predicate action=maybe_recompile pc=0x00007f8ce067f8b4 method=java.util.regex.Pattern$CharPropertyGreedy.match(Ljava/util/regex/Matcher;ILjava/lang/CharSequence;)Z @ 12 c2
Event: 3.727 Thread 0x00007f8cf0018800 DEOPT PACKING pc=0x00007f8ce067f8b4 sp=0x00007f8cf88309c0
Event: 3.727 Thread 0x00007f8cf0018800 DEOPT UNPACKING pc=0x00007f8cd8ab4e25 sp=0x00007f8cf8830980 mode 2
Event: 3.760 Thread 0x00007f8cf0018800 DEOPT PACKING pc=0x00007f8cd959dd8e sp=0x00007f8cf88309e0
Event: 3.760 Thread 0x00007f8cf0018800 DEOPT UNPACKING pc=0x00007f8cd8ab533a sp=0x00007f8cf882ff58 mode 0
Event: 3.769 Thread 0x00007f8cf0018800 DEOPT PACKING pc=0x00007f8cd9546fc1 sp=0x00007f8cf88309e0
Event: 3.769 Thread 0x00007f8cf0018800 DEOPT UNPACKING pc=0x00007f8cd8ab533a sp=0x00007f8cf882fee0 mode 0
Event: 3.783 Thread 0x00007f8cf0018800 DEOPT PACKING pc=0x00007f8cd959dd8e sp=0x00007f8cf88308b0
Event: 3.783 Thread 0x00007f8cf0018800 DEOPT UNPACKING pc=0x00007f8cd8ab533a sp=0x00007f8cf882fe20 mode 0

Classes unloaded (0 events):
No events

Classes redefined (0 events):
No events

Internal exceptions (3 events):
Event: 0.308 Thread 0x00007f8cf0018800 Exception <a 'java/lang/NoSuchMethodError'{0x000000008cb13890}: 'int java.lang.invoke.DirectMethodHandle$Holder.invokeSpecialIFC(java.lang.Object, java.lang.Object, int)'> (0x000000008cb13890) 
thrown [open/src/hotspot/share/interpreter/linkResolver.cpp, line 767]
Event: 2.065 Thread 0x00007f8cf0018800 Exception <a 'java/lang/NoClassDefFoundError'{0x0000000089f236e8}: com/google/inject/servlet/ServletModuleTargetVisitor> (0x0000000089f236e8) 
thrown [open/src/hotspot/share/classfile/systemDictionary.cpp, line 221]
Event: 2.066 Thread 0x00007f8cf0018800 Exception <a 'java/lang/NoClassDefFoundError'{0x0000000089f263e0}: javax/annotation/Priority> (0x0000000089f263e0) 
thrown [open/src/hotspot/share/classfile/systemDictionary.cpp, line 221]

Events (20 events):
Event: 3.710 loading class org/apache/maven/execution/ProjectExecutionEvent
Event: 3.710 loading class org/apache/maven/execution/ProjectExecutionEvent done
Event: 3.711 loading class org/apache/maven/lifecycle/internal/GoalTask
Event: 3.711 loading class org/apache/maven/lifecycle/internal/GoalTask done
Event: 3.711 loading class org/apache/maven/plugin/DefaultPluginDescriptorCache$CacheKey
Event: 3.711 loading class org/apache/maven/plugin/DefaultPluginDescriptorCache$CacheKey done
Event: 3.712 loading class org/apache/maven/plugin/CacheUtils
Event: 3.712 loading class org/apache/maven/plugin/CacheUtils done
Event: 3.720 loading class org/apache/maven/repository/internal/DefaultModelCache
Event: 3.720 loading class org/apache/maven/repository/internal/DefaultModelCache done
Event: 3.721 Executing VM operation: RevokeBias
Event: 3.722 Executing VM operation: RevokeBias done
Event: 3.723 loading class org/apache/maven/repository/internal/DefaultModelResolver
Event: 3.723 loading class org/apache/maven/repository/internal/DefaultModelResolver done
Event: 3.723 Executing VM operation: RevokeBias
Event: 3.723 Executing VM operation: RevokeBias done
Event: 3.726 loading class org/apache/maven/repository/internal/DefaultModelCache$Key
Event: 3.726 loading class org/apache/maven/repository/internal/DefaultModelCache$Key done
Event: 3.757 loading class org/apache/maven/repository/internal/DefaultModelResolver$1
Event: 3.757 loading class org/apache/maven/repository/internal/DefaultModelResolver$1 done


Dynamic libraries:
00400000-00401000 r-xp 00000000 08:03 52692141                           /usr/lib/jvm/java-13-oracle/bin/java
00401000-00402000 r--p 00000000 08:03 52692141                           /usr/lib/jvm/java-13-oracle/bin/java
00402000-00403000 rw-p 00001000 08:03 52692141                           /usr/lib/jvm/java-13-oracle/bin/java
00905000-00926000 rw-p 00000000 00:00 0                                  [heap]
85400000-8d000000 rw-p 00000000 00:00 0 
8d000000-ffe00000 ---p 00000000 00:00 0 
ffe00000-ffe48000 rw-p 00b68000 08:03 52957960                           /usr/lib/jvm/java-13-oracle/lib/server/classes.jsa
ffe48000-fff00000 rw-p 00000000 00:00 0 
fff00000-fff7a000 rw-p 00aee000 08:03 52957960                           /usr/lib/jvm/java-13-oracle/lib/server/classes.jsa
fff7a000-100000000 rw-p 00000000 00:00 0 
800000000-800003000 rwxp 00001000 08:03 52957960                         /usr/lib/jvm/java-13-oracle/lib/server/classes.jsa
800003000-8003d8000 rw-p 00004000 08:03 52957960                         /usr/lib/jvm/java-13-oracle/lib/server/classes.jsa
8003d8000-800aec000 r--p 003d9000 08:03 52957960                         /usr/lib/jvm/java-13-oracle/lib/server/classes.jsa
800aec000-800aed000 rw-p 00aed000 08:03 52957960                         /usr/lib/jvm/java-13-oracle/lib/server/classes.jsa
800aed000-800ccd000 rw-p 00000000 00:00 0 
800ccd000-840aed000 ---p 00000000 00:00 0 
7f8c88000000-7f8c88021000 rw-p 00000000 00:00 0 
7f8c88021000-7f8c8c000000 ---p 00000000 00:00 0 
7f8c8c000000-7f8c8c021000 rw-p 00000000 00:00 0 
7f8c8c021000-7f8c90000000 ---p 00000000 00:00 0 
7f8c90000000-7f8c90021000 rw-p 00000000 00:00 0 
7f8c90021000-7f8c94000000 ---p 00000000 00:00 0 
7f8c94000000-7f8c94d87000 rw-p 00000000 00:00 0 
7f8c94d87000-7f8c98000000 ---p 00000000 00:00 0 
7f8c98000000-7f8c98021000 rw-p 00000000 00:00 0 
7f8c98021000-7f8c9c000000 ---p 00000000 00:00 0 
7f8c9c000000-7f8c9c021000 rw-p 00000000 00:00 0 
7f8c9c021000-7f8ca0000000 ---p 00000000 00:00 0 
7f8ca0000000-7f8ca0576000 rw-p 00000000 00:00 0 
7f8ca0576000-7f8ca4000000 ---p 00000000 00:00 0 
7f8ca4000000-7f8ca4021000 rw-p 00000000 00:00 0 
7f8ca4021000-7f8ca8000000 ---p 00000000 00:00 0 
7f8ca8000000-7f8ca8021000 rw-p 00000000 00:00 0 
7f8ca8021000-7f8cac000000 ---p 00000000 00:00 0 
7f8cac000000-7f8caca3f000 rw-p 00000000 00:00 0 
7f8caca3f000-7f8cb0000000 ---p 00000000 00:00 0 
7f8cb0000000-7f8cb0021000 rw-p 00000000 00:00 0 
7f8cb0021000-7f8cb4000000 ---p 00000000 00:00 0 
7f8cb4000000-7f8cb4021000 rw-p 00000000 00:00 0 
7f8cb4021000-7f8cb8000000 ---p 00000000 00:00 0 
7f8cb8000000-7f8cb8021000 rw-p 00000000 00:00 0 
7f8cb8021000-7f8cbc000000 ---p 00000000 00:00 0 
7f8cbc000000-7f8cbc021000 rw-p 00000000 00:00 0 
7f8cbc021000-7f8cc0000000 ---p 00000000 00:00 0 
7f8cc0000000-7f8cc0021000 rw-p 00000000 00:00 0 
7f8cc0021000-7f8cc4000000 ---p 00000000 00:00 0 
7f8cc4d50000-7f8cc51c5000 rw-p 00000000 00:00 0 
7f8cc51c5000-7f8cc53c5000 rw-p 00000000 00:00 0 
7f8cc53c5000-7f8cc55c5000 rw-p 00000000 00:00 0 
7f8cc55c5000-7f8cc55c6000 ---p 00000000 00:00 0 
7f8cc55c6000-7f8cc56c6000 rw-p 00000000 00:00 0 
7f8cc56c6000-7f8cc56c7000 ---p 00000000 00:00 0 
7f8cc56c7000-7f8cc57c7000 rw-p 00000000 00:00 0 
7f8cc57c7000-7f8cc57cb000 ---p 00000000 00:00 0 
7f8cc57cb000-7f8cc58f9000 rw-p 00000000 00:00 0 
7f8cc58f9000-7f8cc58fd000 ---p 00000000 00:00 0 
7f8cc58fd000-7f8cc59fa000 rw-p 00000000 00:00 0 
7f8cc59fa000-7f8cc59fb000 ---p 00000000 00:00 0 
7f8cc59fb000-7f8cc5afb000 rw-p 00000000 00:00 0 
7f8cc5afb000-7f8cc5aff000 ---p 00000000 00:00 0 
7f8cc5aff000-7f8cc5bfc000 rw-p 00000000 00:00 0 
7f8cc5bfc000-7f8cc5c00000 ---p 00000000 00:00 0 
7f8cc5c00000-7f8cc5cfd000 rw-p 00000000 00:00 0 
7f8cc5cfd000-7f8cc5d01000 ---p 00000000 00:00 0 
7f8cc5d01000-7f8cc5dfe000 rw-p 00000000 00:00 0 
7f8cc5dfe000-7f8cc5e02000 ---p 00000000 00:00 0 
7f8cc5e02000-7f8cc5eff000 rw-p 00000000 00:00 0 
7f8cc5eff000-7f8cc5f03000 ---p 00000000 00:00 0 
7f8cc5f03000-7f8cc8000000 rw-p 00000000 00:00 0 
7f8cc8000000-7f8cc8021000 rw-p 00000000 00:00 0 
7f8cc8021000-7f8ccc000000 ---p 00000000 00:00 0 
7f8ccc000000-7f8ccc021000 rw-p 00000000 00:00 0 
7f8ccc021000-7f8cd0000000 ---p 00000000 00:00 0 
7f8cd0000000-7f8cd0021000 rw-p 00000000 00:00 0 
7f8cd0021000-7f8cd4000000 ---p 00000000 00:00 0 
7f8cd4008000-7f8cd401d000 r-xp 00000000 08:03 52957940                   /usr/lib/jvm/java-13-oracle/lib/libnet.so
7f8cd401d000-7f8cd401e000 r--p 00014000 08:03 52957940                   /usr/lib/jvm/java-13-oracle/lib/libnet.so
7f8cd401e000-7f8cd401f000 rw-p 00015000 08:03 52957940                   /usr/lib/jvm/java-13-oracle/lib/libnet.so
7f8cd401f000-7f8cd4030000 r-xp 00000000 08:03 52957941                   /usr/lib/jvm/java-13-oracle/lib/libnio.so
7f8cd4030000-7f8cd4031000 r--p 00010000 08:03 52957941                   /usr/lib/jvm/java-13-oracle/lib/libnio.so
7f8cd4031000-7f8cd4032000 rw-p 00011000 08:03 52957941                   /usr/lib/jvm/java-13-oracle/lib/libnio.so
7f8cd4032000-7f8cd430a000 r--p 00000000 08:03 52695351                   /usr/lib/locale/locale-archive
7f8cd430a000-7f8cd430e000 ---p 00000000 00:00 0 
7f8cd430e000-7f8cd440b000 rw-p 00000000 00:00 0 
7f8cd440b000-7f8cd440f000 ---p 00000000 00:00 0 
7f8cd440f000-7f8cd4efc000 rw-p 00000000 00:00 0 
7f8cd4efc000-7f8cd6bb4000 ---p 00000000 00:00 0 
7f8cd6bb4000-7f8cd6dac000 rw-p 00000000 00:00 0 
7f8cd6dac000-7f8cd8a64000 ---p 00000000 00:00 0 
7f8cd8a64000-7f8cd8a6c000 rw-p 00000000 00:00 0 
7f8cd8a6c000-7f8cd8cdc000 rwxp 00000000 00:00 0 
7f8cd8cdc000-7f8cd8ffd000 ---p 00000000 00:00 0 
7f8cd8ffd000-7f8cd965d000 rwxp 00000000 00:00 0 
7f8cd965d000-7f8ce0534000 ---p 00000000 00:00 0 
7f8ce0534000-7f8ce07a4000 rwxp 00000000 00:00 0 
7f8ce07a4000-7f8ce7a6c000 ---p 00000000 00:00 0 
7f8ce7a6c000-7f8cf0000000 r--s 00000000 08:03 52957951                   /usr/lib/jvm/java-13-oracle/lib/modules
7f8cf0000000-7f8cf0b6c000 rw-p 00000000 00:00 0 
7f8cf0b6c000-7f8cf4000000 ---p 00000000 00:00 0 
7f8cf4006000-7f8cf4007000 ---p 00000000 00:00 0 
7f8cf4007000-7f8cf4245000 rw-p 00000000 00:00 0 
7f8cf4245000-7f8cf4246000 ---p 00000000 00:00 0 
7f8cf4246000-7f8cf4346000 rw-p 00000000 00:00 0 
7f8cf4346000-7f8cf4347000 ---p 00000000 00:00 0 
7f8cf4347000-7f8cf484b000 rw-p 00000000 00:00 0 
7f8cf484b000-7f8cf484c000 ---p 00000000 00:00 0 
7f8cf484c000-7f8cf494c000 rw-p 00000000 00:00 0 
7f8cf494c000-7f8cf494d000 ---p 00000000 00:00 0 
7f8cf494d000-7f8cf4a4d000 rw-p 00000000 00:00 0 
7f8cf4a4d000-7f8cf4a4e000 ---p 00000000 00:00 0 
7f8cf4a4e000-7f8cf4b8c000 rw-p 00000000 00:00 0 
7f8cf4b8c000-7f8cf4f23000 ---p 00000000 00:00 0 
7f8cf4f23000-7f8cf4f62000 rw-p 00000000 00:00 0 
7f8cf4f62000-7f8cf52f9000 ---p 00000000 00:00 0 
7f8cf52f9000-7f8cf5338000 rw-p 00000000 00:00 0 
7f8cf5338000-7f8cf56cf000 ---p 00000000 00:00 0 
7f8cf56cf000-7f8cf5ad9000 rw-p 00000000 00:00 0 
7f8cf5ad9000-7f8cf5bbf000 ---p 00000000 00:00 0 
7f8cf5bbf000-7f8cf5bcc000 rw-p 00000000 00:00 0 
7f8cf5bcc000-7f8cf5caa000 ---p 00000000 00:00 0 
7f8cf5caa000-7f8cf5cb5000 r-xp 00000000 08:03 49287640                   /lib/x86_64-linux-gnu/libnss_files-2.23.so
7f8cf5cb5000-7f8cf5eb4000 ---p 0000b000 08:03 49287640                   /lib/x86_64-linux-gnu/libnss_files-2.23.so
7f8cf5eb4000-7f8cf5eb5000 r--p 0000a000 08:03 49287640                   /lib/x86_64-linux-gnu/libnss_files-2.23.so
7f8cf5eb5000-7f8cf5eb6000 rw-p 0000b000 08:03 49287640                   /lib/x86_64-linux-gnu/libnss_files-2.23.so
7f8cf5eb6000-7f8cf5ebc000 rw-p 00000000 00:00 0 
7f8cf5ebc000-7f8cf5ec7000 r-xp 00000000 08:03 49287576                   /lib/x86_64-linux-gnu/libnss_nis-2.23.so
7f8cf5ec7000-7f8cf60c6000 ---p 0000b000 08:03 49287576                   /lib/x86_64-linux-gnu/libnss_nis-2.23.so
7f8cf60c6000-7f8cf60c7000 r--p 0000a000 08:03 49287576                   /lib/x86_64-linux-gnu/libnss_nis-2.23.so
7f8cf60c7000-7f8cf60c8000 rw-p 0000b000 08:03 49287576                   /lib/x86_64-linux-gnu/libnss_nis-2.23.so
7f8cf60c8000-7f8cf60de000 r-xp 00000000 08:03 49287634                   /lib/x86_64-linux-gnu/libnsl-2.23.so
7f8cf60de000-7f8cf62dd000 ---p 00016000 08:03 49287634                   /lib/x86_64-linux-gnu/libnsl-2.23.so
7f8cf62dd000-7f8cf62de000 r--p 00015000 08:03 49287634                   /lib/x86_64-linux-gnu/libnsl-2.23.so
7f8cf62de000-7f8cf62df000 rw-p 00016000 08:03 49287634                   /lib/x86_64-linux-gnu/libnsl-2.23.so
7f8cf62df000-7f8cf62e1000 rw-p 00000000 00:00 0 
7f8cf62e1000-7f8cf62e9000 r-xp 00000000 08:03 49287681                   /lib/x86_64-linux-gnu/libnss_compat-2.23.so
7f8cf62e9000-7f8cf64e8000 ---p 00008000 08:03 49287681                   /lib/x86_64-linux-gnu/libnss_compat-2.23.so
7f8cf64e8000-7f8cf64e9000 r--p 00007000 08:03 49287681                   /lib/x86_64-linux-gnu/libnss_compat-2.23.so
7f8cf64e9000-7f8cf64ea000 rw-p 00008000 08:03 49287681                   /lib/x86_64-linux-gnu/libnss_compat-2.23.so
7f8cf64ea000-7f8cf64f1000 r-xp 00000000 08:03 49287512                   /lib/x86_64-linux-gnu/librt-2.23.so
7f8cf64f1000-7f8cf66f0000 ---p 00007000 08:03 49287512                   /lib/x86_64-linux-gnu/librt-2.23.so
7f8cf66f0000-7f8cf66f1000 r--p 00006000 08:03 49287512                   /lib/x86_64-linux-gnu/librt-2.23.so
7f8cf66f1000-7f8cf66f2000 rw-p 00007000 08:03 49287512                   /lib/x86_64-linux-gnu/librt-2.23.so
7f8cf66f2000-7f8cf67fa000 r-xp 00000000 08:03 49287690                   /lib/x86_64-linux-gnu/libm-2.23.so
7f8cf67fa000-7f8cf69f9000 ---p 00108000 08:03 49287690                   /lib/x86_64-linux-gnu/libm-2.23.so
7f8cf69f9000-7f8cf69fa000 r--p 00107000 08:03 49287690                   /lib/x86_64-linux-gnu/libm-2.23.so
7f8cf69fa000-7f8cf69fb000 rw-p 00108000 08:03 49287690                   /lib/x86_64-linux-gnu/libm-2.23.so
7f8cf69fb000-7f8cf7abb000 r-xp 00000000 08:03 52957962                   /usr/lib/jvm/java-13-oracle/lib/server/libjvm.so
7f8cf7abb000-7f8cf7abc000 ---p 010c0000 08:03 52957962                   /usr/lib/jvm/java-13-oracle/lib/server/libjvm.so
7f8cf7abc000-7f8cf7b7d000 r--p 010c0000 08:03 52957962                   /usr/lib/jvm/java-13-oracle/lib/server/libjvm.so
7f8cf7b7d000-7f8cf7bb7000 rw-p 01181000 08:03 52957962                   /usr/lib/jvm/java-13-oracle/lib/server/libjvm.so
7f8cf7bb7000-7f8cf7c39000 rw-p 00000000 00:00 0 
7f8cf7c39000-7f8cf7df9000 r-xp 00000000 08:03 49287659                   /lib/x86_64-linux-gnu/libc-2.23.so
7f8cf7df9000-7f8cf7ff9000 ---p 001c0000 08:03 49287659                   /lib/x86_64-linux-gnu/libc-2.23.so
7f8cf7ff9000-7f8cf7ffd000 r--p 001c0000 08:03 49287659                   /lib/x86_64-linux-gnu/libc-2.23.so
7f8cf7ffd000-7f8cf7fff000 rw-p 001c4000 08:03 49287659                   /lib/x86_64-linux-gnu/libc-2.23.so
7f8cf7fff000-7f8cf8003000 rw-p 00000000 00:00 0 
7f8cf8003000-7f8cf8006000 r-xp 00000000 08:03 49287528                   /lib/x86_64-linux-gnu/libdl-2.23.so
7f8cf8006000-7f8cf8205000 ---p 00003000 08:03 49287528                   /lib/x86_64-linux-gnu/libdl-2.23.so
7f8cf8205000-7f8cf8206000 r--p 00002000 08:03 49287528                   /lib/x86_64-linux-gnu/libdl-2.23.so
7f8cf8206000-7f8cf8207000 rw-p 00003000 08:03 49287528                   /lib/x86_64-linux-gnu/libdl-2.23.so
7f8cf8207000-7f8cf821f000 r-xp 00000000 08:03 49287550                   /lib/x86_64-linux-gnu/libpthread-2.23.so
7f8cf821f000-7f8cf841e000 ---p 00018000 08:03 49287550                   /lib/x86_64-linux-gnu/libpthread-2.23.so
7f8cf841e000-7f8cf841f000 r--p 00017000 08:03 49287550                   /lib/x86_64-linux-gnu/libpthread-2.23.so
7f8cf841f000-7f8cf8420000 rw-p 00018000 08:03 49287550                   /lib/x86_64-linux-gnu/libpthread-2.23.so
7f8cf8420000-7f8cf8424000 rw-p 00000000 00:00 0 
7f8cf8424000-7f8cf843d000 r-xp 00000000 08:03 49283157                   /lib/x86_64-linux-gnu/libz.so.1.2.8
7f8cf843d000-7f8cf863c000 ---p 00019000 08:03 49283157                   /lib/x86_64-linux-gnu/libz.so.1.2.8
7f8cf863c000-7f8cf863d000 r--p 00018000 08:03 49283157                   /lib/x86_64-linux-gnu/libz.so.1.2.8
7f8cf863d000-7f8cf863e000 rw-p 00019000 08:03 49283157                   /lib/x86_64-linux-gnu/libz.so.1.2.8
7f8cf863e000-7f8cf8664000 r-xp 00000000 08:03 49287529                   /lib/x86_64-linux-gnu/ld-2.23.so
7f8cf866a000-7f8cf86d2000 rw-p 00000000 00:00 0 
7f8cf86d2000-7f8cf86d9000 ---p 00000000 00:00 0 
7f8cf86d9000-7f8cf86f4000 r-xp 00000000 08:03 52957931                   /usr/lib/jvm/java-13-oracle/lib/libjimage.so
7f8cf86f4000-7f8cf86f5000 ---p 0001b000 08:03 52957931                   /usr/lib/jvm/java-13-oracle/lib/libjimage.so
7f8cf86f5000-7f8cf86f7000 r--p 0001b000 08:03 52957931                   /usr/lib/jvm/java-13-oracle/lib/libjimage.so
7f8cf86f7000-7f8cf86f8000 rw-p 0001d000 08:03 52957931                   /usr/lib/jvm/java-13-oracle/lib/libjimage.so
7f8cf86f8000-7f8cf86ff000 r-xp 00000000 08:03 52957950                   /usr/lib/jvm/java-13-oracle/lib/libzip.so
7f8cf86ff000-7f8cf8700000 r--p 00006000 08:03 52957950                   /usr/lib/jvm/java-13-oracle/lib/libzip.so
7f8cf8700000-7f8cf8701000 rw-p 00007000 08:03 52957950                   /usr/lib/jvm/java-13-oracle/lib/libzip.so
7f8cf8701000-7f8cf8709000 rw-s 00000000 08:03 32376708                   /tmp/hsperfdata_test/14571
7f8cf8709000-7f8cf8730000 r-xp 00000000 08:03 52957927                   /usr/lib/jvm/java-13-oracle/lib/libjava.so
7f8cf8730000-7f8cf8731000 r--p 00026000 08:03 52957927                   /usr/lib/jvm/java-13-oracle/lib/libjava.so
7f8cf8731000-7f8cf8733000 rw-p 00027000 08:03 52957927                   /usr/lib/jvm/java-13-oracle/lib/libjava.so
7f8cf8733000-7f8cf8737000 ---p 00000000 00:00 0 
7f8cf8737000-7f8cf8838000 rw-p 00000000 00:00 0 
7f8cf8838000-7f8cf8847000 r-xp 00000000 08:03 52957932                   /usr/lib/jvm/java-13-oracle/lib/libjli.so
7f8cf8847000-7f8cf8848000 r--p 0000e000 08:03 52957932                   /usr/lib/jvm/java-13-oracle/lib/libjli.so
7f8cf8848000-7f8cf8849000 rw-p 0000f000 08:03 52957932                   /usr/lib/jvm/java-13-oracle/lib/libjli.so
7f8cf8849000-7f8cf884a000 rw-p 00000000 00:00 0 
7f8cf8850000-7f8cf8851000 ---p 00000000 00:00 0 
7f8cf8851000-7f8cf8852000 r--p 00000000 00:00 0 
7f8cf8852000-7f8cf8853000 ---p 00000000 00:00 0 
7f8cf8853000-7f8cf8860000 r-xp 00000000 08:03 52957949                   /usr/lib/jvm/java-13-oracle/lib/libverify.so
7f8cf8860000-7f8cf8862000 r--p 0000c000 08:03 52957949                   /usr/lib/jvm/java-13-oracle/lib/libverify.so
7f8cf8862000-7f8cf8863000 rw-p 0000e000 08:03 52957949                   /usr/lib/jvm/java-13-oracle/lib/libverify.so
7f8cf8863000-7f8cf8864000 r--p 00025000 08:03 49287529                   /lib/x86_64-linux-gnu/ld-2.23.so
7f8cf8864000-7f8cf8865000 rw-p 00026000 08:03 49287529                   /lib/x86_64-linux-gnu/ld-2.23.so
7f8cf8865000-7f8cf8866000 rw-p 00000000 00:00 0 
7ffc412f8000-7ffc4131a000 rw-p 00000000 00:00 0                          [stack]
7ffc41343000-7ffc41345000 r--p 00000000 00:00 0                          [vvar]
7ffc41345000-7ffc41347000 r-xp 00000000 00:00 0                          [vdso]
ffffffffff600000-ffffffffff601000 r-xp 00000000 00:00 0                  [vsyscall]


VM Arguments:
jvm_args: -Dclassworlds.conf=/usr/share/maven/bin/m2.conf -Dmaven.home=/usr/share/maven -Dmaven.multiModuleProjectDirectory=/home/test/Downloads/Workshop/poc-microservices-bakcup/poc-microservices/gateway-service 
java_command: org.codehaus.plexus.classworlds.launcher.Launcher clean install -DskipTests
java_class_path (initial): /usr/share/maven/boot/plexus-classworlds-2.x.jar
Launcher Type: SUN_STANDARD

[Global flags]
     intx CICompilerCount                          = 3                                         {product} {ergonomic}
     uint ConcGCThreads                            = 1                                         {product} {ergonomic}
     uint G1ConcRefinementThreads                  = 4                                         {product} {ergonomic}
   size_t G1HeapRegionSize                         = 1048576                                   {product} {ergonomic}
    uintx GCDrainStackTargetSize                   = 64                                        {product} {ergonomic}
   size_t InitialHeapSize                          = 130023424                                 {product} {ergonomic}
   size_t MarkStackSize                            = 4194304                                   {product} {ergonomic}
   size_t MaxHeapSize                              = 2059403264                                {product} {ergonomic}
   size_t MaxNewSize                               = 1235222528                                {product} {ergonomic}
   size_t MinHeapDeltaBytes                        = 1048576                                   {product} {ergonomic}
   size_t MinHeapSize                              = 8388608                                   {product} {ergonomic}
    uintx NonNMethodCodeHeapSize                   = 5832780                                {pd product} {ergonomic}
    uintx NonProfiledCodeHeapSize                  = 122912730                              {pd product} {ergonomic}
    uintx ProfiledCodeHeapSize                     = 122912730                              {pd product} {ergonomic}
    uintx ReservedCodeCacheSize                    = 251658240                              {pd product} {ergonomic}
     bool SegmentedCodeCache                       = true                                      {product} {ergonomic}
   size_t SoftMaxHeapSize                          = 2059403264                             {manageable} {ergonomic}
     bool UseCompressedClassPointers               = true                                 {lp64_product} {ergonomic}
     bool UseCompressedOops                        = true                                 {lp64_product} {ergonomic}
     bool UseG1GC                                  = true                                      {product} {ergonomic}

Logging:
Log output configuration:
 #0: stdout all=warning uptime,level,tags
 #1: stderr all=off uptime,level,tags

Environment Variables:
JAVA_HOME=/usr/lib/jvm/java-13-oracle
PATH=/home/test/bin:/home/test/bin:/home/test/bin:/usr/local/sbin:/usr/local/bin:/usr/sbin:/usr/bin:/sbin:/bin:/usr/games:/usr/local/games:/snap/bin:/usr/lib/jvm/java-13-oracle/bin:/usr/lib/jvm/java-13-oracle/db/bin:/usr/local/go/bin:/home/test/go/bin:/usr/local/protoc/bin:/home/test/.local/bin
SHELL=/bin/bash
DISPLAY=:0

Signal Handlers:
SIGSEGV: [libjvm.so+0xdc0200], sa_mask[0]=11111111011111111101111111111110, sa_flags=SA_RESTART|SA_SIGINFO
SIGBUS: [libjvm.so+0xdc0200], sa_mask[0]=11111111011111111101111111111110, sa_flags=SA_RESTART|SA_SIGINFO
SIGFPE: [libjvm.so+0xdc0200], sa_mask[0]=11111111011111111101111111111110, sa_flags=SA_RESTART|SA_SIGINFO
SIGPIPE: [libjvm.so+0xb9f710], sa_mask[0]=11111111011111111101111111111110, sa_flags=SA_RESTART|SA_SIGINFO
SIGXFSZ: [libjvm.so+0xb9f710], sa_mask[0]=11111111011111111101111111111110, sa_flags=SA_RESTART|SA_SIGINFO
SIGILL: [libjvm.so+0xdc0200], sa_mask[0]=11111111011111111101111111111110, sa_flags=SA_RESTART|SA_SIGINFO
SIGUSR2: [libjvm.so+0xb9f5a0], sa_mask[0]=00000000000000000000000000000000, sa_flags=SA_RESTART|SA_SIGINFO
SIGHUP: [libjvm.so+0xb9fd10], sa_mask[0]=11111111011111111101111111111110, sa_flags=SA_RESTART|SA_SIGINFO
SIGINT: [libjvm.so+0xb9fd10], sa_mask[0]=11111111011111111101111111111110, sa_flags=SA_RESTART|SA_SIGINFO
SIGTERM: [libjvm.so+0xb9fd10], sa_mask[0]=11111111011111111101111111111110, sa_flags=SA_RESTART|SA_SIGINFO
SIGQUIT: [libjvm.so+0xb9fd10], sa_mask[0]=11111111011111111101111111111110, sa_flags=SA_RESTART|SA_SIGINFO


---------------  S Y S T E M  ---------------

OS:DISTRIB_ID=Ubuntu
DISTRIB_RELEASE=16.04
DISTRIB_CODENAME=xenial
DISTRIB_DESCRIPTION="Ubuntu 16.04.6 LTS"
uname:Linux 4.4.0-40-generic #60-Ubuntu SMP Fri Sep 23 16:45:45 UTC 2016 x86_64
libc:glibc 2.23 NPTL 2.23 
rlimit: STACK 8192k, CORE 0k, NPROC 30702, NOFILE 1048576, AS infinity, DATA infinity, FSIZE infinity
load average:2.25 2.20 1.64

/proc/meminfo:
MemTotal:        8038316 kB
MemFree:          476248 kB
MemAvailable:    2281760 kB
Buffers:          144452 kB
Cached:          2466656 kB
SwapCached:        14796 kB
Active:          4991276 kB
Inactive:        2095420 kB
Active(anon):    3891744 kB
Inactive(anon):  1221968 kB
Active(file):    1099532 kB
Inactive(file):   873452 kB
Unevictable:        1920 kB
Mlocked:            1920 kB
SwapTotal:      16501756 kB
SwapFree:       15737292 kB
Dirty:               952 kB
Writeback:             0 kB
AnonPages:       4469144 kB
Mapped:           778484 kB
Shmem:            638124 kB
Slab:             197168 kB
SReclaimable:     112076 kB
SUnreclaim:        85092 kB
KernelStack:       22304 kB
PageTables:       104520 kB
NFS_Unstable:          0 kB
Bounce:                0 kB
WritebackTmp:          0 kB
CommitLimit:    20520912 kB
Committed_AS:   17864080 kB
VmallocTotal:   34359738367 kB
VmallocUsed:           0 kB
VmallocChunk:          0 kB
HardwareCorrupted:     0 kB
AnonHugePages:   1429504 kB
CmaTotal:              0 kB
CmaFree:               0 kB
HugePages_Total:       0
HugePages_Free:        0
HugePages_Rsvd:        0
HugePages_Surp:        0
Hugepagesize:       2048 kB
DirectMap4k:      549288 kB
DirectMap2M:     6653952 kB
DirectMap1G:     2097152 kB


/proc/sys/kernel/threads-max (system-wide limit on the number of threads):
61405


/proc/sys/vm/max_map_count (maximum number of memory map areas a process may have):
65530


/proc/sys/kernel/pid_max (system-wide limit on number of process identifiers):
32768



container (cgroup) information:
container_type: cgroupv1
cpu_cpuset_cpus: 0-3
cpu_memory_nodes: 0
active_processor_count: 4
cpu_quota: no quota
cpu_period: 100000
cpu_shares: no shares
memory_limit_in_bytes: unlimited
memory_and_swap_limit_in_bytes: not supported
memory_soft_limit_in_bytes: unlimited
memory_usage_in_bytes: 6262710272
memory_max_usage_in_bytes: 7032647680

Steal ticks since vm start: 0
Steal ticks percentage since vm start:  0.000

CPU:total 4 (initial active 4) (2 cores per cpu, 2 threads per core) family 6 model 142 stepping 9, cmov, cx8, fxsr, mmx, sse, sse2, sse3, ssse3, sse4.1, sse4.2, popcnt, avx, avx2, aes, clmul, erms, 3dnowpref, lzcnt, ht, tsc, tscinvbit, bmi1, bmi2, adx, fma
CPU Model and flags from /proc/cpuinfo:
model name	: Intel(R) Core(TM) i5-7200U CPU @ 2.50GHz
flags		: fpu vme de pse tsc msr pae mce cx8 apic sep mtrr pge mca cmov pat pse36 clflush dts acpi mmx fxsr sse sse2 ss ht tm pbe syscall nx pdpe1gb rdtscp lm constant_tsc art arch_perfmon pebs bts rep_good nopl xtopology nonstop_tsc aperfmperf eagerfpu pni pclmulqdq dtes64 monitor ds_cpl vmx est tm2 ssse3 sdbg fma cx16 xtpr pdcm pcid sse4_1 sse4_2 x2apic movbe popcnt tsc_deadline_timer aes xsave avx f16c rdrand lahf_lm abm 3dnowprefetch epb intel_pt tpr_shadow vnmi flexpriority ept vpid fsgsbase tsc_adjust bmi1 avx2 smep bmi2 erms invpcid mpx rdseed adx smap clflushopt xsaveopt xsavec xgetbv1 dtherm ida arat pln pts hwp hwp_notify hwp_act_window hwp_epp

Memory: 4k page, physical 8038316k(476032k free), swap 16501756k(15737292k free)

vm_info: Java HotSpot(TM) 64-Bit Server VM (13.0.2+8) for linux-amd64 JRE (13.0.2+8), built on Dec 11 2019 09:23:46 by "mach5one" with gcc 8.2.0

END.
